[14:06:59] [main/INFO]: Environment: authHost='https://authserver.mojang.com', accountsHost='https://api.mojang.com', sessionHost='https://sessionserver.mojang.com', servicesHost='https://api.minecraftservices.com', name='PROD'
[14:06:59] [main/WARN]: Ambiguity between arguments [teleport, destination] and [teleport, targets] with inputs: [Player, 0123, @e, dd12be42-52a9-4a91-a8a1-11c01849e498]
[14:06:59] [main/WARN]: Ambiguity between arguments [teleport, location] and [teleport, destination] with inputs: [0.1 -0.5 .9, 0 0 0]
[14:06:59] [main/WARN]: Ambiguity between arguments [teleport, location] and [teleport, targets] with inputs: [0.1 -0.5 .9, 0 0 0]
[14:06:59] [main/WARN]: Ambiguity between arguments [teleport, targets] and [teleport, destination] with inputs: [Player, 0123, dd12be42-52a9-4a91-a8a1-11c01849e498]
[14:06:59] [main/WARN]: Ambiguity between arguments [teleport, targets, location] and [teleport, targets, destination] with inputs: [0.1 -0.5 .9, 0 0 0]
[14:06:59] [main/INFO]: Reloading ResourceManager: Default
[14:06:59] [Worker-Main-14/INFO]: Loaded 7 recipes
[14:07:00] [Worker-Main-14/INFO]: Loaded 927 advancements
[14:07:00] [Server thread/INFO]: Starting minecraft server version 1.16.5
[14:07:00] [Server thread/INFO]: Loading properties
[14:07:00] [Server thread/INFO]: Default game type: SURVIVAL
[14:07:00] [Server thread/INFO]: Generating keypair
[14:07:00] [Server thread/INFO]: Starting Minecraft server on 25.9.235.20:25565
[14:07:00] [Server thread/INFO]: Using default channel type
[14:07:01] [Server thread/INFO]: Preparing level "world"
[14:07:01] [Server thread/INFO]: Preparing start region for dimension minecraft:overworld
[14:07:02] [Server thread/INFO]: Preparing spawn area: 0%
[14:07:02] [Server thread/INFO]: Preparing spawn area: 0%
[14:07:02] [Server thread/INFO]: Preparing spawn area: 0%
[14:07:02] [Server thread/INFO]: Time elapsed: 1301 ms
[14:07:02] [Server thread/INFO]: Done (1.343s)! For help, type "help"
