[22:30:26] [main/INFO]: Environment: authHost='https://authserver.mojang.com', accountsHost='https://api.mojang.com', sessionHost='https://sessionserver.mojang.com', servicesHost='https://api.minecraftservices.com', name='PROD'
[22:30:26] [main/WARN]: Ambiguity between arguments [teleport, destination] and [teleport, targets] with inputs: [Player, 0123, @e, dd12be42-52a9-4a91-a8a1-11c01849e498]
[22:30:26] [main/WARN]: Ambiguity between arguments [teleport, location] and [teleport, destination] with inputs: [0.1 -0.5 .9, 0 0 0]
[22:30:26] [main/WARN]: Ambiguity between arguments [teleport, location] and [teleport, targets] with inputs: [0.1 -0.5 .9, 0 0 0]
[22:30:26] [main/WARN]: Ambiguity between arguments [teleport, targets] and [teleport, destination] with inputs: [Player, 0123, dd12be42-52a9-4a91-a8a1-11c01849e498]
[22:30:26] [main/WARN]: Ambiguity between arguments [teleport, targets, location] and [teleport, targets, destination] with inputs: [0.1 -0.5 .9, 0 0 0]
[22:30:26] [main/INFO]: Reloading ResourceManager: Default
[22:30:27] [Worker-Main-14/INFO]: Loaded 7 recipes
[22:30:27] [Worker-Main-14/INFO]: Loaded 927 advancements
[22:30:27] [Server thread/INFO]: Starting minecraft server version 1.16.5
[22:30:27] [Server thread/INFO]: Loading properties
[22:30:27] [Server thread/INFO]: Default game type: SURVIVAL
[22:30:27] [Server thread/INFO]: Generating keypair
[22:30:28] [Server thread/INFO]: Starting Minecraft server on 25.9.235.20:25565
[22:30:28] [Server thread/INFO]: Using default channel type
[22:30:28] [Server thread/WARN]: **** SERVER IS RUNNING IN OFFLINE/INSECURE MODE!
[22:30:28] [Server thread/WARN]: The server will make no attempt to authenticate usernames. Beware.
[22:30:28] [Server thread/WARN]: While this makes the game possible to play without internet access, it also opens up the ability for hackers to connect with any username they choose.
[22:30:28] [Server thread/WARN]: To change this, set "online-mode" to "true" in the server.properties file.
[22:30:28] [Server thread/INFO]: Preparing level "world"
[22:30:28] [Server thread/INFO]: Preparing start region for dimension minecraft:overworld
[22:30:30] [Server thread/INFO]: Preparing spawn area: 0%
[22:30:30] [Server thread/INFO]: Preparing spawn area: 0%
[22:30:30] [Server thread/INFO]: Preparing spawn area: 0%
[22:30:33] [Worker-Main-14/INFO]: Preparing spawn area: 83%
[22:30:34] [Worker-Main-10/INFO]: Preparing spawn area: 83%
[22:30:34] [Worker-Main-14/INFO]: Preparing spawn area: 83%
[22:30:34] [Worker-Main-14/INFO]: Preparing spawn area: 83%
[22:30:34] [Worker-Main-13/INFO]: Preparing spawn area: 83%
[22:30:34] [Worker-Main-14/INFO]: Preparing spawn area: 83%
[22:30:34] [Worker-Main-8/INFO]: Preparing spawn area: 83%
[22:30:34] [Worker-Main-14/INFO]: Preparing spawn area: 83%
[22:30:34] [Worker-Main-13/INFO]: Preparing spawn area: 83%
[22:30:34] [Worker-Main-9/INFO]: Preparing spawn area: 83%
[22:30:35] [Worker-Main-8/INFO]: Preparing spawn area: 83%
[22:30:35] [Worker-Main-8/INFO]: Preparing spawn area: 86%
[22:30:36] [Worker-Main-10/INFO]: Preparing spawn area: 93%
[22:30:36] [Server thread/INFO]: Preparing spawn area: 99%
[22:30:37] [Server thread/INFO]: Time elapsed: 8411 ms
[22:30:37] [Server thread/INFO]: Done (8.631s)! For help, type "help"
[22:31:34] [Server thread/INFO]: dopZ_[/25.9.235.20:59078] logged in with entity id 92 at (199.5, 67.0, -249.5)
[22:31:34] [Server thread/INFO]: dopZ_ joined the game
[22:31:38] [Server thread/WARN]: Can't keep up! Is the server overloaded? Running 3458ms or 69 ticks behind
[22:34:06] [Server thread/INFO]: dopZ_ lost connection: Disconnected
[22:34:06] [Server thread/INFO]: dopZ_ left the game
