[00:03:22] [User Authenticator #5/INFO]: UUID of player na_taliaa is 90b89270-52ab-44db-9532-5dce90daeba2
[00:03:22] [Server thread/INFO]: na_taliaa[/25.9.233.81:49428] logged in with entity id 19982 at (-161.07499998807907, 71.0, 639.7780438076732)
[00:03:22] [Server thread/INFO]: na_taliaa joined the game
[00:09:18] [Server thread/INFO]: <dopZ_> no me respondas
[00:09:20] [Server thread/INFO]: <dopZ_> pero
[00:09:23] [Server thread/INFO]: <dopZ_> ola uwu
[00:10:30] [Server thread/INFO]: [na_taliaa: Set the weather to clear]
[00:15:43] [Server thread/INFO]: dopZ_ was blown up by Creeper
[00:15:46] [Server thread/INFO]: <dopZ_> kmjdsfkldfskldfslkfdslkfsd
[00:16:12] [Server thread/INFO]: [na_taliaa: Set the weather to clear]
[00:21:20] [Server thread/INFO]: [dopZ_: Set the weather to clear]
[00:23:41] [Server thread/INFO]: <dopZ_> no escribas
[00:23:42] [Server thread/INFO]: <dopZ_> klfdskldsf
[00:26:29] [Server thread/INFO]: [na_taliaa: Set the weather to clear]
[00:27:35] [Server thread/WARN]: Fetching packet for removed entity bcv['Air'/24240, l='ServerLevel[world]', x=-156.20, y=71.00, z=640.57]
[00:27:35] [Server thread/WARN]: Fetching packet for removed entity bcv['Air'/24240, l='ServerLevel[world]', x=-156.20, y=71.00, z=640.57]
[00:31:47] [Server thread/INFO]: [na_taliaa: Set the weather to clear]
[00:33:08] [Server thread/INFO]: dopZ_ has made the advancement [Take Aim]
[00:36:10] [Server thread/WARN]: Fetching packet for removed entity bcv['Air'/25779, l='ServerLevel[world]', x=-156.59, y=71.00, z=638.73]
[00:36:30] [Server thread/INFO]: [na_taliaa: Teleported na_taliaa to dopZ_]
[00:37:19] [Server thread/INFO]: [na_taliaa: Set the weather to clear]
[00:37:37] [Server thread/INFO]: <dopZ_> mi espada :c
[00:41:09] [Server thread/INFO]: dopZ_ was slain by Enderman
[00:41:14] [Server thread/INFO]: <dopZ_> c:
[00:43:52] [Server thread/WARN]: Fetching packet for removed entity bcv['Air'/27319, l='ServerLevel[world]', x=-158.42, y=71.00, z=638.25]
[00:43:52] [Server thread/WARN]: Fetching packet for removed entity bcv['Air'/27319, l='ServerLevel[world]', x=-158.42, y=71.00, z=638.25]
[00:44:20] [Server thread/INFO]: [na_taliaa: Set the weather to clear]
[00:44:27] [Server thread/WARN]: Fetching packet for removed entity bcv['Air'/27444, l='ServerLevel[world]', x=-158.40, y=71.00, z=641.75]
[00:44:27] [Server thread/WARN]: Fetching packet for removed entity bcv['Air'/27444, l='ServerLevel[world]', x=-158.40, y=71.00, z=641.75]
[00:44:48] [Server thread/WARN]: Fetching packet for removed entity bcv['Air'/27575, l='ServerLevel[world]', x=-157.73, y=71.00, z=637.83]
[00:48:48] [Server thread/INFO]: [dopZ_: Teleported dopZ_ to na_taliaa]
[00:48:48] [Server thread/WARN]: dopZ_ moved too quickly! 136.92980394075641,-8.0,-83.98038400614087
[00:49:34] [Server thread/INFO]: [dopZ_: Set the weather to clear]
[00:52:11] [Server thread/INFO]: <dopZ_> duermee
[00:54:38] [Server thread/INFO]: [dopZ_: Set the weather to clear]
[01:00:07] [Server thread/INFO]: [na_taliaa: Set the weather to clear]
[01:06:24] [Server thread/INFO]: [dopZ_: Set the weather to clear]
[01:12:38] [Server thread/INFO]: dopZ_ was blown up by Creeper
[01:12:46] [Server thread/INFO]: <dopZ_> T-T
[01:12:59] [Server thread/WARN]: Fetching packet for removed entity bcv['Air'/34110, l='ServerLevel[world]', x=-161.17, y=71.00, z=640.39]
[01:12:59] [Server thread/WARN]: Fetching packet for removed entity bcv['Air'/34110, l='ServerLevel[world]', x=-161.17, y=71.00, z=640.39]
[01:13:21] [Server thread/INFO]: dopZ_ was slain by Zombie
[01:13:27] [Server thread/WARN]: Fetching packet for removed entity bcv['Air'/34326, l='ServerLevel[world]', x=-159.51, y=71.00, z=637.83]
[01:13:27] [Server thread/WARN]: Fetching packet for removed entity bcv['Air'/34326, l='ServerLevel[world]', x=-159.51, y=71.00, z=637.83]
[01:14:49] [Server thread/WARN]: Fetching packet for removed entity bcv['Air'/34683, l='ServerLevel[world]', x=-157.22, y=71.00, z=643.17]
[01:14:49] [Server thread/WARN]: Fetching packet for removed entity bcv['Air'/34683, l='ServerLevel[world]', x=-157.22, y=71.00, z=643.17]
[01:14:56] [Server thread/WARN]: Fetching packet for removed entity bcv['Air'/34709, l='ServerLevel[world]', x=-158.59, y=71.00, z=639.83]
[01:14:56] [Server thread/WARN]: Fetching packet for removed entity bcv['Air'/34709, l='ServerLevel[world]', x=-158.59, y=71.00, z=639.83]
[01:15:51] [Server thread/INFO]: [na_taliaa: Set the weather to clear]
[01:19:37] [Server thread/WARN]: Fetching packet for removed entity bcv['Air'/35867, l='ServerLevel[world]', x=-159.49, y=71.00, z=637.83]
[01:19:37] [Server thread/WARN]: Fetching packet for removed entity bcv['Air'/35867, l='ServerLevel[world]', x=-159.49, y=71.00, z=637.83]
[01:19:39] [Server thread/WARN]: Fetching packet for removed entity bcv['Air'/35877, l='ServerLevel[world]', x=-156.61, y=71.00, z=638.63]
[01:19:39] [Server thread/WARN]: Fetching packet for removed entity bcv['Air'/35877, l='ServerLevel[world]', x=-156.61, y=71.00, z=638.63]
[01:20:26] [Server thread/WARN]: Fetching packet for removed entity bcv['Air'/36096, l='ServerLevel[world]', x=-159.36, y=71.00, z=639.99]
[01:20:26] [Server thread/WARN]: Fetching packet for removed entity bcv['Air'/36096, l='ServerLevel[world]', x=-159.36, y=71.00, z=639.99]
[01:20:50] [Server thread/WARN]: Fetching packet for removed entity bcv['Air'/36193, l='ServerLevel[world]', x=-160.84, y=71.00, z=641.93]
[01:20:50] [Server thread/WARN]: Fetching packet for removed entity bcv['Air'/36193, l='ServerLevel[world]', x=-160.84, y=71.00, z=641.93]
[01:21:53] [Server thread/INFO]: [dopZ_: Set the time to 13000]
[01:21:57] [Server thread/INFO]: [dopZ_: Set the weather to clear]
[01:22:52] [Server thread/WARN]: Fetching packet for removed entity bcv['Air'/36589, l='ServerLevel[world]', x=-160.62, y=71.00, z=642.00]
[01:22:52] [Server thread/WARN]: Fetching packet for removed entity bcv['Air'/36589, l='ServerLevel[world]', x=-160.62, y=71.00, z=642.00]
[01:26:15] [Server thread/WARN]: Fetching packet for removed entity aqg['Experience Orb'/37380, l='ServerLevel[world]', x=-184.59, y=71.00, z=675.78]
[01:26:15] [Server thread/WARN]: Fetching packet for removed entity aqg['Experience Orb'/37381, l='ServerLevel[world]', x=-184.72, y=71.00, z=676.52]
[01:26:21] [Server thread/INFO]: dopZ_ was blown up by Creeper
[01:26:36] [Server thread/INFO]: [na_taliaa: Set the weather to clear]
[01:27:27] [Server thread/WARN]: Fetching packet for removed entity bcv['Air'/37772, l='ServerLevel[world]', x=-156.66, y=71.00, z=639.31]
[01:27:27] [Server thread/WARN]: Fetching packet for removed entity bcv['Air'/37772, l='ServerLevel[world]', x=-156.66, y=71.00, z=639.31]
[01:28:00] [Server thread/INFO]: <na_taliaa> zzz
[01:28:59] [Server thread/INFO]: <dopZ_> jiji
[01:29:30] [Server thread/INFO]: dopZ_ was shot by Skeleton
[01:30:20] [Server thread/WARN]: Fetching packet for removed entity bcv['Air'/38355, l='ServerLevel[world]', x=-160.72, y=71.00, z=642.58]
[01:30:20] [Server thread/WARN]: Fetching packet for removed entity bcv['Air'/38355, l='ServerLevel[world]', x=-160.72, y=71.00, z=642.58]
[01:30:45] [Server thread/INFO]: dopZ_ was slain by Enderman
[01:30:46] [Server thread/WARN]: Fetching packet for removed entity bcv['Air'/38518, l='ServerLevel[world]', x=-160.66, y=71.92, z=659.73]
[01:30:46] [Server thread/WARN]: Fetching packet for removed entity bcv['Potato'/38516, l='ServerLevel[world]', x=-160.61, y=71.34, z=661.75]
[01:30:52] [Server thread/INFO]: <dopZ_> CONCHETUMARE
[01:30:55] [Server thread/INFO]: <dopZ_> aaaaaaAAA
[01:31:41] [Server thread/WARN]: Fetching packet for removed entity bcv['Air'/38840, l='ServerLevel[world]', x=-156.61, y=71.00, z=638.68]
[01:31:41] [Server thread/WARN]: Fetching packet for removed entity bcv['Air'/38840, l='ServerLevel[world]', x=-156.61, y=71.00, z=638.68]
[01:31:41] [Server thread/INFO]: [dopZ_: Set the weather to clear]
[01:31:57] [Server thread/WARN]: Fetching packet for removed entity bcv['Air'/38885, l='ServerLevel[world]', x=-156.58, y=71.00, z=642.35]
[01:31:57] [Server thread/WARN]: Fetching packet for removed entity bcv['Air'/38885, l='ServerLevel[world]', x=-156.58, y=71.00, z=642.35]
[01:36:50] [Server thread/INFO]: [dopZ_: Set the weather to clear]
[01:40:08] [Server thread/WARN]: Fetching packet for removed entity bcv['Air'/40660, l='ServerLevel[world]', x=-156.52, y=71.00, z=640.98]
[01:40:08] [Server thread/WARN]: Fetching packet for removed entity bcv['Air'/40660, l='ServerLevel[world]', x=-156.52, y=71.00, z=640.98]
[01:42:26] [Server thread/INFO]: na_taliaa has made the advancement [Cover Me With Diamonds]
[01:45:16] [Server thread/WARN]: Trying to add entity with duplicated UUID ca72fd1b-bc81-4373-aeca-06055e53f969. Existing minecraft:armor_stand#41496, new: minecraft:armor_stand#41496
[01:45:18] [Server thread/WARN]: Trying to add entity with duplicated UUID 5ddc94d9-b682-4e5b-9e23-5afd71c4d348. Existing minecraft:armor_stand#41497, new: minecraft:armor_stand#41497
[01:45:19] [Server thread/WARN]: Trying to add entity with duplicated UUID bf5d4383-7057-46d0-ac5f-a47d883eee62. Existing minecraft:armor_stand#41498, new: minecraft:armor_stand#41498
[01:45:19] [Server thread/WARN]: Trying to add entity with duplicated UUID 29774422-4a5b-4c86-9b4a-f380294a5f8c. Existing minecraft:armor_stand#41504, new: minecraft:armor_stand#41504
[01:45:21] [Server thread/WARN]: Trying to add entity with duplicated UUID 00cdb5f7-4c6b-4256-8970-043262f02ad0. Existing minecraft:armor_stand#41509, new: minecraft:armor_stand#41509
[01:45:28] [Server thread/WARN]: Trying to add entity with duplicated UUID 4199b43e-5a80-4e1a-9bb0-418f8acc31cf. Existing minecraft:armor_stand#41522, new: minecraft:armor_stand#41522
[01:45:29] [Server thread/WARN]: Trying to add entity with duplicated UUID 519ed563-ddac-4995-ac88-0d8318014f3c. Existing minecraft:armor_stand#41529, new: minecraft:armor_stand#41529
[01:45:29] [Server thread/WARN]: Trying to add entity with duplicated UUID 29eb64c8-2e56-4a5f-8112-13257eb627f8. Existing minecraft:armor_stand#41532, new: minecraft:armor_stand#41532
[01:46:58] [Server thread/WARN]: Fetching packet for removed entity aqg['Experience Orb'/41610, l='ServerLevel[world]', x=-101.04, y=72.00, z=615.51]
[01:47:03] [Server thread/WARN]: Fetching packet for removed entity bcv['Air'/41823, l='ServerLevel[world]', x=-156.92, y=71.00, z=638.95]
[01:47:03] [Server thread/WARN]: Fetching packet for removed entity bcv['Air'/41823, l='ServerLevel[world]', x=-156.92, y=71.00, z=638.95]
[01:49:59] [Server thread/WARN]: Mismatch in destroy block pos: fx{x=-105, y=70, z=631} fx{x=-104, y=72, z=629}
[01:50:20] [Server thread/INFO]: <na_taliaa> zzz
[01:50:22] [Server thread/INFO]: [na_taliaa: Set the weather to clear]
[01:50:30] [Server thread/INFO]: [dopZ_: Teleported dopZ_ to na_taliaa]
[01:50:30] [Server thread/WARN]: dopZ_ moved too quickly! -66.56325708470357,-3.0,-1.1939395060207971
[01:50:30] [Server thread/WARN]: dopZ_ moved too quickly! -66.56325708470357,-3.0,-1.1939395060207971
[01:50:30] [Server thread/WARN]: dopZ_ moved too quickly! -66.56325708470357,-3.0,-1.1939395060207971
[01:50:30] [Server thread/WARN]: dopZ_ moved too quickly! -66.56325708470357,-3.0,-1.1939395060207971
[01:50:34] [Server thread/INFO]: <na_taliaa> m
[01:50:36] [Server thread/INFO]: <dopZ_> a
[01:51:28] [Server thread/INFO]: <dopZ_> si kche ksdkdskdsk
[01:55:28] [Server thread/INFO]: [dopZ_: Set the weather to clear]
[01:59:22] [Server thread/WARN]: Fetching packet for removed entity bcv['Air'/43900, l='ServerLevel[world]', x=-158.12, y=71.00, z=640.16]
[01:59:22] [Server thread/WARN]: Fetching packet for removed entity bcv['Air'/43900, l='ServerLevel[world]', x=-158.12, y=71.00, z=640.16]
[02:00:52] [Server thread/INFO]: [dopZ_: Set the weather to clear]
[02:01:19] [Server thread/WARN]: Fetching packet for removed entity aqg['Experience Orb'/44451, l='ServerLevel[world]', x=-158.33, y=71.08, z=627.66]
[02:01:59] [Server thread/WARN]: Mismatch in destroy block pos: fx{x=-212, y=68, z=678} fx{x=-212, y=69, z=679}
[02:01:59] [Server thread/WARN]: Mismatch in destroy block pos: fx{x=-211, y=67, z=678} fx{x=-212, y=69, z=679}
[02:01:59] [Server thread/WARN]: Mismatch in destroy block pos: fx{x=-212, y=68, z=678} fx{x=-212, y=69, z=679}
[02:02:00] [Server thread/WARN]: Mismatch in destroy block pos: fx{x=-211, y=67, z=678} fx{x=-212, y=69, z=679}
[02:03:19] [Server thread/WARN]: Fetching packet for removed entity bcv['Air'/44900, l='ServerLevel[world]', x=-160.61, y=71.00, z=641.15]
[02:03:19] [Server thread/WARN]: Fetching packet for removed entity bcv['Air'/44900, l='ServerLevel[world]', x=-160.61, y=71.00, z=641.15]
[02:03:56] [Server thread/WARN]: Fetching packet for removed entity bcv['Air'/45009, l='ServerLevel[world]', x=-158.22, y=71.00, z=639.89]
[02:03:56] [Server thread/WARN]: Fetching packet for removed entity bcv['Air'/45009, l='ServerLevel[world]', x=-158.22, y=71.00, z=639.89]
[02:05:57] [Server thread/INFO]: [dopZ_: Set the weather to clear]
[02:08:30] [Server thread/WARN]: Fetching packet for removed entity bcv['Air'/45866, l='ServerLevel[world]', x=-158.72, y=71.00, z=637.83]
[02:08:30] [Server thread/WARN]: Fetching packet for removed entity bcv['Air'/45866, l='ServerLevel[world]', x=-158.72, y=71.00, z=637.83]
[02:09:34] [Server thread/WARN]: Mismatch in destroy block pos: fx{x=-108, y=78, z=724} fx{x=-108, y=77, z=724}
[02:09:42] [Server thread/WARN]: Mismatch in destroy block pos: fx{x=-108, y=73, z=717} fx{x=-108, y=72, z=718}
[02:09:42] [Server thread/WARN]: Mismatch in destroy block pos: fx{x=-108, y=72, z=717} fx{x=-108, y=72, z=718}
[02:09:42] [Server thread/WARN]: Mismatch in destroy block pos: fx{x=-108, y=73, z=717} fx{x=-108, y=72, z=718}
[02:09:46] [Server thread/WARN]: Mismatch in destroy block pos: fx{x=-108, y=72, z=715} fx{x=-108, y=71, z=715}
[02:09:47] [Server thread/WARN]: Mismatch in destroy block pos: fx{x=-108, y=73, z=714} fx{x=-108, y=73, z=713}
[02:09:52] [Server thread/WARN]: Mismatch in destroy block pos: fx{x=-108, y=71, z=712} fx{x=-108, y=70, z=711}
[02:10:47] [Server thread/WARN]: Fetching packet for removed entity bcv['Air'/46612, l='ServerLevel[world]', x=-160.64, y=71.00, z=639.71]
[02:13:43] [Server thread/WARN]: Fetching packet for removed entity bcv['Air'/47490, l='ServerLevel[world]', x=-157.12, y=71.00, z=638.70]
[02:14:16] [Server thread/INFO]: [na_taliaa: Set the weather to clear]
[02:14:27] [Server thread/WARN]: Fetching packet for removed entity bcv['Air'/47780, l='ServerLevel[world]', x=-159.78, y=71.00, z=640.25]
[02:18:02] [Server thread/WARN]: Fetching packet for removed entity bcv['Air'/49080, l='ServerLevel[world]', x=-102.29, y=72.64, z=729.73]
[02:19:42] [Server thread/WARN]: Fetching packet for removed entity bcv['Air'/49610, l='ServerLevel[world]', x=-156.68, y=71.00, z=640.10]
[02:22:52] [Server thread/WARN]: Fetching packet for removed entity bcv['Air'/50637, l='ServerLevel[world]', x=-156.20, y=71.00, z=639.86]
[02:24:06] [Server thread/WARN]: Fetching packet for removed entity bcv['Air'/51047, l='ServerLevel[world]', x=-156.20, y=71.00, z=642.80]
[02:27:42] [Server thread/INFO]: [na_taliaa: Set the weather to clear]
[02:28:01] [Server thread/WARN]: Fetching packet for removed entity bcv['Air'/52322, l='ServerLevel[world]', x=-161.17, y=71.00, z=642.72]
[02:30:46] [Server thread/WARN]: Fetching packet for removed entity bcv['Air'/53151, l='ServerLevel[world]', x=-161.17, y=71.00, z=638.72]
[02:35:11] [Server thread/WARN]: Mismatch in destroy block pos: fx{x=-110, y=73, z=735} fx{x=-111, y=72, z=735}
[02:35:42] [Server thread/WARN]: Fetching packet for removed entity bcv['Air'/55035, l='ServerLevel[world]', x=-161.17, y=71.00, z=640.28]
[02:35:56] [Server thread/WARN]: Mismatch in destroy block pos: fx{x=-107, y=74, z=720} fx{x=-106, y=73, z=720}
[02:35:56] [Server thread/WARN]: Mismatch in destroy block pos: fx{x=-107, y=76, z=720} fx{x=-106, y=75, z=720}
[02:36:08] [Server thread/WARN]: Mismatch in destroy block pos: fx{x=-112, y=72, z=725} fx{x=-112, y=72, z=726}
[02:36:08] [Server thread/WARN]: Mismatch in destroy block pos: fx{x=-112, y=72, z=725} fx{x=-112, y=72, z=726}
[02:36:56] [Server thread/INFO]: dopZ_ was blown up by Creeper
[02:37:38] [Server thread/INFO]: [na_taliaa: Set the weather to clear]
[02:38:04] [Server thread/WARN]: Fetching packet for removed entity bcv['Air'/56121, l='ServerLevel[world]', x=-158.99, y=71.00, z=639.64]
[02:38:10] [Server thread/WARN]: Fetching packet for removed entity bcv['Air'/56156, l='ServerLevel[world]', x=-157.48, y=71.00, z=643.17]
[02:40:03] [Server thread/WARN]: Fetching packet for removed entity bcv['Air'/56698, l='ServerLevel[world]', x=-156.20, y=71.00, z=642.80]
[02:42:42] [Server thread/INFO]: [dopZ_: Set the weather to clear]
[02:43:49] [Server thread/INFO]: dopZ_ was blown up by Creeper
[02:44:05] [Server thread/WARN]: Trying to add entity with duplicated UUID 893aaaf2-b2ec-4d4e-8326-ff16a9346351. Existing minecraft:armor_stand#58030, new: minecraft:armor_stand#58030
[02:47:07] [Server thread/WARN]: Trying to add entity with duplicated UUID 489ed761-4674-406d-9c67-f8f6e068fbd1. Existing minecraft:armor_stand#58735, new: minecraft:armor_stand#58735
[02:47:48] [Server thread/INFO]: [dopZ_: Set the weather to clear]
[02:51:51] [Server thread/WARN]: Fetching packet for removed entity bcv['Air'/59925, l='ServerLevel[world]', x=-156.64, y=71.00, z=638.20]
[02:51:51] [Server thread/WARN]: Fetching packet for removed entity bcv['Air'/59925, l='ServerLevel[world]', x=-156.64, y=71.00, z=638.20]
[02:53:27] [Server thread/INFO]: [dopZ_: Set the weather to clear]
[02:55:08] [Server thread/WARN]: Fetching packet for removed entity bcv['Air'/60713, l='ServerLevel[world]', x=-157.93, y=71.00, z=639.69]
[02:55:08] [Server thread/WARN]: Fetching packet for removed entity bcv['Air'/60713, l='ServerLevel[world]', x=-157.93, y=71.00, z=639.69]
[02:58:32] [Server thread/INFO]: [dopZ_: Set the weather to clear]
[03:03:36] [Server thread/INFO]: [dopZ_: Set the weather to clear]
[03:13:21] [Server thread/WARN]: Fetching packet for removed entity bcv['Air'/64679, l='ServerLevel[world]', x=-157.42, y=71.00, z=639.94]
[03:13:21] [Server thread/WARN]: Fetching packet for removed entity bcv['Air'/64679, l='ServerLevel[world]', x=-157.42, y=71.00, z=639.94]
[03:13:56] [Server thread/INFO]: dopZ_ was blown up by Creeper
[03:14:08] [Server thread/WARN]: dopZ_ moved too quickly! -64.77865878734639,5.5625,-28.70677215495914
[03:14:49] [Server thread/INFO]: dopZ_ was slain by Spider
[03:19:25] [Server thread/WARN]: Fetching packet for removed entity bcv['Gravel'/65999, l='ServerLevel[world]', x=-176.13, y=63.34, z=621.57]
[03:19:26] [Server thread/WARN]: Fetching packet for removed entity aqg['Experience Orb'/66001, l='ServerLevel[world]', x=-110.40, y=72.00, z=715.29]
[03:23:14] [Server thread/INFO]: <dopZ_> <3
[03:23:15] [Server thread/INFO]: <na_taliaa> CTM
[03:23:18] [Server thread/INFO]: <na_taliaa> CTM
[03:23:21] [Server thread/INFO]: <dopZ_> a
[03:23:22] [Server thread/INFO]: <na_taliaa> SON LAS 3
[03:23:28] [Server thread/INFO]: <dopZ_> unu
[03:23:29] [Server thread/INFO]: <na_taliaa> PENSE Q ERAN LAS 9PM
[03:23:37] [Server thread/INFO]: <na_taliaa> LAS 9 DIEGO LAS 9
[03:23:41] [Server thread/INFO]: <na_taliaa> LPMMMMMM
[03:23:42] [Server thread/INFO]: <dopZ_> nonoononon
[03:23:45] [Server thread/INFO]: <dopZ_> kjdfsjkdfsjkfds
[03:23:50] [Server thread/INFO]: <dopZ_> no me la contes
[03:24:02] [Server thread/INFO]: <na_taliaa> tengo el entierro a las 8
[03:24:06] [Server thread/INFO]: <na_taliaa> me voy a dormir
[03:24:08] [Server thread/INFO]: <na_taliaa> bai
[03:24:12] [Server thread/INFO]: <dopZ_> adiooos
[03:24:14] [Server thread/INFO]: na_taliaa lost connection: Disconnected
[03:24:14] [Server thread/INFO]: na_taliaa left the game
[03:25:31] [Server thread/INFO]: dopZ_ lost connection: Disconnected
[03:25:31] [Server thread/INFO]: dopZ_ left the game
